<?xml version="1.0" encoding="UTF-8"?>
<testng-results ignored="0" total="1" passed="1" failed="0" skipped="0">
  <reporter-output>
  </reporter-output>
  <suite started-at="2021-06-05T15:15:09 IST" name="Default suite" finished-at="2021-06-05T15:19:30 IST" duration-ms="261575">
    <groups>
    </groups>
    <test started-at="2021-06-05T15:15:09 IST" name="Default test" finished-at="2021-06-05T15:19:30 IST" duration-ms="261575">
      <class name="com.pratian.automation.TestClass.TestLogin">
        <test-method is-config="true" signature="setUp()[pri:0, instance:com.pratian.automation.TestClass.TestLogin@441772e]" started-at="2021-06-05T15:15:09 IST" name="setUp" finished-at="2021-06-05T15:19:17 IST" duration-ms="248372" status="PASS">
          <reporter-output>
          </reporter-output>
        </test-method> <!-- setUp -->
        <test-method signature="login(java.lang.String,java.lang.String)[pri:0, instance:com.pratian.automation.TestClass.TestLogin@441772e]" started-at="2021-06-05T15:19:20 IST" name="login" data-provider="login" finished-at="2021-06-05T15:19:29 IST" duration-ms="9004" status="PASS">
          <params>
            <param index="0">
              <value>
                <![CDATA[kk]]>
              </value>
            </param>
            <param index="1">
              <value>
                <![CDATA[password@123]]>
              </value>
            </param>
          </params>
          <reporter-output>
          </reporter-output>
        </test-method> <!-- login -->
        <test-method is-config="true" signature="tearDown()[pri:0, instance:com.pratian.automation.TestClass.TestLogin@441772e]" started-at="2021-06-05T15:19:29 IST" name="tearDown" finished-at="2021-06-05T15:19:30 IST" duration-ms="1318" status="PASS">
          <reporter-output>
          </reporter-output>
        </test-method> <!-- tearDown -->
      </class> <!-- com.pratian.automation.TestClass.TestLogin -->
    </test> <!-- Default test -->
  </suite> <!-- Default suite -->
</testng-results>
